<?xml version="1.0" encoding="UTF-8"?>
<testsuite name="TestSuite" time="8.131" tests="24" errors="0" skipped="0" failures="0">
  <properties>
    <property name="java.runtime.name" value="Java(TM) SE Runtime Environment"/>
    <property name="java.vm.version" value="15+36-1562"/>
    <property name="sun.boot.library.path" value="C:\Program Files\Java\jdk-15\bin"/>
    <property name="maven.multiModuleProjectDirectory" value="G:\Univer\Тестирование\Epum\Labs\Hw2"/>
    <property name="java.vm.vendor" value="Oracle Corporation"/>
    <property name="java.vendor.url" value="https://java.oracle.com/"/>
    <property name="guice.disable.misplaced.annotation.check" value="true"/>
    <property name="path.separator" value=";"/>
    <property name="java.vm.name" value="Java HotSpot(TM) 64-Bit Server VM"/>
    <property name="sun.os.patch.level" value=""/>
    <property name="user.script" value=""/>
    <property name="user.country" value="RU"/>
    <property name="sun.java.launcher" value="SUN_STANDARD"/>
    <property name="java.vm.specification.name" value="Java Virtual Machine Specification"/>
    <property name="user.dir" value="G:\Univer\Тестирование\Epum\Labs\Hw2"/>
    <property name="java.vm.compressedOopsMode" value="Zero based"/>
    <property name="java.runtime.version" value="15+36-1562"/>
    <property name="os.arch" value="amd64"/>
    <property name="java.io.tmpdir" value="C:\Users\serge\AppData\Local\Temp\"/>
    <property name="line.separator" value="&#10;"/>
    <property name="java.vm.specification.vendor" value="Oracle Corporation"/>
    <property name="user.variant" value=""/>
    <property name="os.name" value="Windows 10"/>
    <property name="classworlds.conf" value="G:\Univer\parprog\apache_maven\bin\..\bin\m2.conf"/>
    <property name="sun.jnu.encoding" value="Cp1251"/>
    <property name="java.library.path" value="C:\Program Files\Java\jdk-15\bin;C:\WINDOWS\Sun\Java\bin;C:\WINDOWS\system32;C:\WINDOWS;C:\Program Files\NVIDIA GPU Computing Toolkit\CUDA\v11.2\bin;C:\Program Files\NVIDIA GPU Computing Toolkit\CUDA\v11.2\libnvvp;C:\Program Files\Common Files\Oracle\Java\javapath;C:\Program Files (x86)\Common Files\Oracle\Java\javapath;C:\WINDOWS\system32;C:\WINDOWS;C:\WINDOWS\System32\Wbem;C:\WINDOWS\System32\WindowsPowerShell\v1.0\;C:\Program Files\NVIDIA Corporation\NVIDIA NvDLISR;C:\Program Files\dotnet\;C:\Program Files\Microsoft SQL Server\130\Tools\Binn\;C:\Program Files\Microsoft SQL Server\Client SDK\ODBC\170\Tools\Binn\;C:\WINDOWS\System32\OpenSSH\;D:\Program Files\Polyspace\R2019b\runtime\win64;D:\Program Files\Polyspace\R2019b\bin;D:\Program Files\Polyspace\R2019b\polyspace\bin;C:\Program Files\PuTTY\;G:\Univer\parprog\apache_maven\bin;C:\Users\serge\AppData\Local\Programs\Python\Python37-32;C:\Program Files\Common Files\Autodesk Shared\;C:\Program Files\Microsoft SQL Server\120\Tools\Binn\;C:\Program Files\NVIDIA Corporation\Nsight Compute 2020.3.0\;C:\Program Files (x86)\NVIDIA Corporation\PhysX\Common;C:\WINDOWS\system32;C:\WINDOWS;C:\WINDOWS\System32\Wbem;C:\WINDOWS\System32\WindowsPowerShell\v1.0\;C:\WINDOWS\System32\OpenSSH\;C:\Program Files\Git\cmd;C:\Program Files\MySQL\MySQL Shell 8.0\bin\;C:\Users\serge\AppData\Local\Programs\Python\Python39\Scripts\;C:\Users\serge\AppData\Local\Programs\Python\Python39\;C:\Users\serge\AppData\Local\Microsoft\WindowsApps;C:\Users\serge\AppData\Local\GitHubDesktop\bin;G:\Univer\parprog\apache_maven\bin;G:\Univer\parprog\apache_maven;;C:\Program Files\JetBrains\PyCharm 2020.3\bin;;C:\Program Files\JetBrains\PyCharm Community Edition 2020.3\bin;;C:\Users\serge\.dotnet\tools;C:\Users\serge\AppData\Local\Microsoft\WindowsApps;."/>
    <property name="maven.conf" value="G:\Univer\parprog\apache_maven\bin\../conf"/>
    <property name="jdk.debug" value="release"/>
    <property name="java.class.version" value="59.0"/>
    <property name="java.specification.name" value="Java Platform API Specification"/>
    <property name="sun.management.compiler" value="HotSpot 64-Bit Tiered Compilers"/>
    <property name="os.version" value="10.0"/>
    <property name="library.jansi.path" value="G:\Univer\parprog\apache_maven\bin\..\lib\jansi-native"/>
    <property name="user.home" value="C:\Users\serge"/>
    <property name="user.timezone" value="Europe/Moscow"/>
    <property name="file.encoding" value="Cp1251"/>
    <property name="java.specification.version" value="15"/>
    <property name="user.name" value="serge"/>
    <property name="java.class.path" value="G:\Univer\parprog\apache_maven\bin\..\boot\plexus-classworlds-2.6.0.jar"/>
    <property name="java.vm.specification.version" value="15"/>
    <property name="sun.arch.data.model" value="64"/>
    <property name="sun.java.command" value="org.codehaus.plexus.classworlds.launcher.Launcher package"/>
    <property name="java.home" value="C:\Program Files\Java\jdk-15"/>
    <property name="user.language" value="ru"/>
    <property name="java.specification.vendor" value="Oracle Corporation"/>
    <property name="java.vm.info" value="mixed mode, sharing"/>
    <property name="java.version" value="15"/>
    <property name="java.vendor" value="Oracle Corporation"/>
    <property name="sun.stderr.encoding" value="cp866"/>
    <property name="maven.home" value="G:\Univer\parprog\apache_maven\bin\.."/>
    <property name="file.separator" value="\"/>
    <property name="java.version.date" value="2020-09-15"/>
    <property name="java.vendor.url.bug" value="https://bugreport.java.com/bugreport/"/>
    <property name="sun.io.unicode.encoding" value="UnicodeLittle"/>
    <property name="sun.cpu.endian" value="little"/>
    <property name="sun.stdout.encoding" value="cp866"/>
    <property name="sun.cpu.isalist" value="amd64"/>
  </properties>
  <testcase name="EnterPage" classname="Hw2.FirstHalf" time="1.487"/>
  <testcase name="CheckHeader" classname="Hw2.FirstHalf" time="0.365"/>
  <testcase name="CheckIframe" classname="Hw2.FirstHalf" time="0.037"/>
  <testcase name="CheckImages" classname="Hw2.FirstHalf" time="0.139"/>
  <testcase name="Footer" classname="Hw2.FirstHalf" time="0.028"/>
  <testcase name="LeftSection" classname="Hw2.FirstHalf" time="0.025"/>
  <testcase name="MainHeaderText" classname="Hw2.FirstHalf" time="0.068"/>
  <testcase name="PerformLogin" classname="Hw2.FirstHalf" time="0.278"/>
  <testcase name="SubheaderText" classname="Hw2.FirstHalf" time="0.046"/>
  <testcase name="CheckImagesTexts" classname="Hw2.FirstHalf" time="0.106"/>
  <testcase name="CheckUsername" classname="Hw2.FirstHalf" time="0.015"/>
  <testcase name="SubheaderLink" classname="Hw2.FirstHalf" time="0.029"/>
  <testcase name="TestIframeContent" classname="Hw2.FirstHalf" time="0.058"/>
  <testcase name="CheckPostlogin" classname="Hw2.FirstHalf" time="0.004"/>
  <testcase name="EnterPage" classname="Hw2.SecondHalf" time="3.293"/>
  <testcase name="CheckServicesHeader" classname="Hw2.SecondHalf" time="0.389"/>
  <testcase name="CheckServicesLeft" classname="Hw2.SecondHalf" time="0.428"/>
  <testcase name="PerformLogin" classname="Hw2.SecondHalf" time="0.288"/>
  <testcase name="CheckDiffElements" classname="Hw2.SecondHalf" time="0.394"/>
  <testcase name="CheckDiffElementsContent" classname="Hw2.SecondHalf" time="0.279"/>
  <testcase name="CheckCheckboxesLogging" classname="Hw2.SecondHalf" time="0.099"/>
  <testcase name="CheckDropdownLogging" classname="Hw2.SecondHalf" time="0.148"/>
  <testcase name="CheckRadiobuttonLogging" classname="Hw2.SecondHalf" time="0.059"/>
  <testcase name="CheckCheckboxesLoggingReverse" classname="Hw2.SecondHalf" time="0.069"/>
</testsuite>