<?xml version="1.0" encoding="UTF-8"?>
<!-- Generated by org.testng.reporters.JUnitReportReporter -->
<testsuite hostname="DESKTOP-PB2EV64" failures="0" tests="11" name="Hw3.RunTest" time="61.322" errors="0" timestamp="2021-04-13T01:35:13 MSK" skipped="0">
  <testcase classname="Hw3.RunTest" name="runScenario" time="6.261"/>
  <system-out/>
  <testcase classname="Hw3.RunTest" name="runScenario" time="4.850"/>
  <system-out/>
  <testcase classname="Hw3.RunTest" name="runScenario" time="6.341"/>
  <system-out/>
  <testcase classname="Hw3.RunTest" name="runScenario" time="4.480"/>
  <system-out/>
  <testcase classname="Hw3.RunTest" name="runScenario" time="5.584"/>
  <system-out/>
  <testcase classname="Hw3.RunTest" name="runScenario" time="6.224"/>
  <system-out/>
  <testcase classname="Hw3.RunTest" name="runScenario" time="5.226"/>
  <system-out/>
  <testcase classname="Hw3.RunTest" name="runScenario" time="4.636"/>
  <system-out/>
  <testcase classname="Hw3.RunTest" name="runScenario" time="4.560"/>
  <system-out/>
  <testcase classname="Hw3.RunTest" name="runScenario" time="4.498"/>
  <system-out/>
  <testcase classname="Hw3.RunTest" name="runScenario" time="8.662"/>
  <system-out/>
</testsuite> <!-- Hw3.RunTest -->
