<?xml version="1.0" encoding="UTF-8"?>
<testsuite xmlns:xsi="http://www.w3.org/2001/XMLSchema-instance" xsi:noNamespaceSchemaLocation="https://maven.apache.org/surefire/maven-surefire-plugin/xsd/surefire-test-report.xsd" name="Hw1.SumTest" time="0.433" tests="2" errors="0" skipped="0" failures="0">
  <properties>
    <property name="java.specification.version" value="15"/>
    <property name="sun.cpu.isalist" value="amd64"/>
    <property name="sun.jnu.encoding" value="Cp1251"/>
    <property name="java.class.path" value="G:\Univer\Тестирование\Epum\Labs\Testing6Sem\Hw1\Hw1\target\test-classes;G:\Univer\Тестирование\Epum\Labs\Testing6Sem\Hw1\Hw1\target\classes;C:\Users\serge\.m2\repository\test\labs\test-lab1\1.0\test-lab1-1.0.jar;C:\Users\serge\.m2\repository\org\testng\testng\6.10\testng-6.10.jar;C:\Users\serge\.m2\repository\com\beust\jcommander\1.48\jcommander-1.48.jar;C:\Users\serge\.m2\repository\calculator\calculator\1.0\calculator-1.0.jar;"/>
    <property name="java.vm.vendor" value="Oracle Corporation"/>
    <property name="sun.arch.data.model" value="64"/>
    <property name="user.variant" value=""/>
    <property name="java.vendor.url" value="https://java.oracle.com/"/>
    <property name="user.timezone" value="Europe/Moscow"/>
    <property name="os.name" value="Windows 10"/>
    <property name="java.vm.specification.version" value="15"/>
    <property name="sun.java.launcher" value="SUN_STANDARD"/>
    <property name="user.country" value="RU"/>
    <property name="sun.boot.library.path" value="C:\Program Files\Java\jdk-15\bin"/>
    <property name="sun.java.command" value="C:\Users\serge\AppData\Local\Temp\surefire374535862465869251\surefirebooter7350246376208694423.jar C:\Users\serge\AppData\Local\Temp\surefire374535862465869251 2021-03-13T21-48-27_834-jvmRun1 surefire12167615837488329393tmp surefire_04762850667321291408tmp"/>
    <property name="jdk.debug" value="release"/>
    <property name="surefire.test.class.path" value="G:\Univer\Тестирование\Epum\Labs\Testing6Sem\Hw1\Hw1\target\test-classes;G:\Univer\Тестирование\Epum\Labs\Testing6Sem\Hw1\Hw1\target\classes;C:\Users\serge\.m2\repository\test\labs\test-lab1\1.0\test-lab1-1.0.jar;C:\Users\serge\.m2\repository\org\testng\testng\6.10\testng-6.10.jar;C:\Users\serge\.m2\repository\com\beust\jcommander\1.48\jcommander-1.48.jar;C:\Users\serge\.m2\repository\calculator\calculator\1.0\calculator-1.0.jar;"/>
    <property name="sun.cpu.endian" value="little"/>
    <property name="user.home" value="C:\Users\serge"/>
    <property name="user.language" value="ru"/>
    <property name="java.specification.vendor" value="Oracle Corporation"/>
    <property name="java.version.date" value="2020-09-15"/>
    <property name="java.home" value="C:\Program Files\Java\jdk-15"/>
    <property name="file.separator" value="\"/>
    <property name="basedir" value="G:\Univer\Тестирование\Epum\Labs\Testing6Sem\Hw1\Hw1"/>
    <property name="java.vm.compressedOopsMode" value="Zero based"/>
    <property name="line.separator" value="&#10;"/>
    <property name="java.vm.specification.vendor" value="Oracle Corporation"/>
    <property name="java.specification.name" value="Java Platform API Specification"/>
    <property name="surefire.real.class.path" value="C:\Users\serge\AppData\Local\Temp\surefire374535862465869251\surefirebooter7350246376208694423.jar"/>
    <property name="user.script" value=""/>
    <property name="sun.management.compiler" value="HotSpot 64-Bit Tiered Compilers"/>
    <property name="java.runtime.version" value="15+36-1562"/>
    <property name="user.name" value="serge"/>
    <property name="path.separator" value=";"/>
    <property name="os.version" value="10.0"/>
    <property name="java.runtime.name" value="Java(TM) SE Runtime Environment"/>
    <property name="file.encoding" value="Cp1251"/>
    <property name="java.vm.name" value="Java HotSpot(TM) 64-Bit Server VM"/>
    <property name="localRepository" value="C:\Users\serge\.m2\repository"/>
    <property name="java.vendor.url.bug" value="https://bugreport.java.com/bugreport/"/>
    <property name="java.io.tmpdir" value="C:\Users\serge\AppData\Local\Temp\"/>
    <property name="java.version" value="15"/>
    <property name="user.dir" value="G:\Univer\Тестирование\Epum\Labs\Testing6Sem\Hw1\Hw1"/>
    <property name="os.arch" value="amd64"/>
    <property name="java.vm.specification.name" value="Java Virtual Machine Specification"/>
    <property name="sun.os.patch.level" value=""/>
    <property name="java.library.path" value="C:\Program Files\Java\jdk-15\bin;C:\WINDOWS\Sun\Java\bin;C:\WINDOWS\system32;C:\WINDOWS;C:\Program Files\NVIDIA GPU Computing Toolkit\CUDA\v11.2\bin;C:\Program Files\NVIDIA GPU Computing Toolkit\CUDA\v11.2\libnvvp;C:\Program Files\Common Files\Oracle\Java\javapath;C:\Program Files (x86)\Common Files\Oracle\Java\javapath;C:\WINDOWS\system32;C:\WINDOWS;C:\WINDOWS\System32\Wbem;C:\WINDOWS\System32\WindowsPowerShell\v1.0\;C:\Program Files\NVIDIA Corporation\NVIDIA NvDLISR;C:\Program Files\dotnet\;C:\Program Files\Microsoft SQL Server\130\Tools\Binn\;C:\Program Files\Microsoft SQL Server\Client SDK\ODBC\170\Tools\Binn\;C:\WINDOWS\system32;C:\WINDOWS;C:\WINDOWS\System32\Wbem;C:\WINDOWS\System32\WindowsPowerShell\v1.0\;C:\WINDOWS\System32\OpenSSH\;D:\Program Files\Polyspace\R2019b\runtime\win64;D:\Program Files\Polyspace\R2019b\bin;D:\Program Files\Polyspace\R2019b\polyspace\bin;C:\Program Files\PuTTY\;G:\Univer\parprog\apache_maven\bin;C:\Users\serge\AppData\Local\Programs\Python\Python37-32;C:\Program Files\Common Files\Autodesk Shared\;C:\Program Files\Microsoft SQL Server\120\Tools\Binn\;C:\Program Files\NVIDIA Corporation\Nsight Compute 2020.3.0\;C:\Program Files (x86)\NVIDIA Corporation\PhysX\Common;C:\Program Files\MySQL\MySQL Shell 8.0\bin\;C:\Users\serge\AppData\Local\Programs\Python\Python39\Scripts\;C:\Users\serge\AppData\Local\Programs\Python\Python39\;C:\Users\serge\AppData\Local\Microsoft\WindowsApps;C:\Users\serge\AppData\Local\GitHubDesktop\bin;G:\Univer\parprog\apache_maven\bin;G:\Univer\parprog\apache_maven;;C:\Program Files\JetBrains\PyCharm 2020.3\bin;;C:\Program Files\JetBrains\PyCharm Community Edition 2020.3\bin;;C:\Users\serge\.dotnet\tools;."/>
    <property name="java.vm.info" value="mixed mode, sharing"/>
    <property name="java.vendor" value="Oracle Corporation"/>
    <property name="java.vm.version" value="15+36-1562"/>
    <property name="sun.io.unicode.encoding" value="UnicodeLittle"/>
    <property name="java.class.version" value="59.0"/>
  </properties>
  <testcase name="DoubleSumTest" classname="Hw1.SumTest" time="0.009"/>
  <testcase name="LongSumTest" classname="Hw1.SumTest" time="0.003"/>
</testsuite>