<?xml version="1.0" encoding="UTF-8"?>
<!-- Generated by org.testng.reporters.JUnitReportReporter -->
<testsuite ignored="0" hostname="DESKTOP-PB2EV64" failures="0" tests="10" name="Hw2.SecondHalf" time="5.444" errors="0" timestamp="10 апр. 2021 13:13:10 GMT" skipped="0">
  <testcase classname="Hw2.SecondHalf" name="PerformLogin" time="0.287"/>
  <testcase classname="Hw2.SecondHalf" name="CheckDiffElementsContent" time="0.280"/>
  <testcase classname="Hw2.SecondHalf" name="CheckDiffElements" time="0.393"/>
  <testcase classname="Hw2.SecondHalf" name="EnterPage" time="3.293"/>
  <testcase classname="Hw2.SecondHalf" name="CheckServicesLeft" time="0.428"/>
  <testcase classname="Hw2.SecondHalf" name="CheckRadiobuttonLogging" time="0.059"/>
  <testcase classname="Hw2.SecondHalf" name="CheckCheckboxesLogging" time="0.098"/>
  <testcase classname="Hw2.SecondHalf" name="CheckDropdownLogging" time="0.148"/>
  <testcase classname="Hw2.SecondHalf" name="CheckServicesHeader" time="0.389"/>
  <testcase classname="Hw2.SecondHalf" name="CheckCheckboxesLoggingReverse" time="0.069"/>
</testsuite> <!-- Hw2.SecondHalf -->
