<?xml version="1.0" encoding="UTF-8"?>
<!-- Generated by org.testng.reporters.JUnitReportReporter -->
<testsuite ignored="0" hostname="DESKTOP-PB2EV64" failures="0" tests="1" name="Hw1.SinTest" time="0.000" errors="0" timestamp="13 мар. 2021 22:57:54 GMT" skipped="0">
  <testcase classname="Hw1.SinTest" name="SinTest" time="0.000"/>
</testsuite> <!-- Hw1.SinTest -->
