<?xml version="1.0" encoding="UTF-8"?>
<!-- Generated by org.testng.reporters.JUnitReportReporter -->
<testsuite ignored="0" hostname="DESKTOP-PB2EV64" failures="0" tests="4" name="Hw1.SubTest" time="0.003" errors="0" timestamp="13 мар. 2021 22:57:54 GMT" skipped="0">
  <testcase classname="Hw1.SubTest" name="LongSumTest" time="0.001"/>
  <testcase classname="Hw1.SubTest" name="LongSumTest" time="0.000"/>
  <testcase classname="Hw1.SubTest" name="DoubleSumTest" time="0.001"/>
  <testcase classname="Hw1.SubTest" name="DoubleSumTest" time="0.001"/>
</testsuite> <!-- Hw1.SubTest -->
